#
# There is insufficient memory for the Java Runtime Environment to continue.
# Native memory allocation (mmap) failed to map 130023424 bytes. Error detail: G1 virtual space
# Possible reasons:
#   The system is out of physical RAM or swap space
#   This process is running with CompressedOops enabled, and the Java Heap may be blocking the growth of the native heap
# Possible solutions:
#   Reduce memory load on the system
#   Increase physical memory or swap space
#   Check if swap backing store is full
#   Decrease Java heap size (-Xmx/-Xms)
#   Decrease number of Java threads
#   Decrease Java thread stack sizes (-Xss)
#   Set larger code cache with -XX:ReservedCodeCacheSize=
#   JVM is running with Unscaled Compressed Oops mode in which the Java heap is
#     placed in the first 4GB address space. The Java Heap base address is the
#     maximum limit for the native heap growth. Please use -XX:HeapBaseMinAddress
#     to set the Java Heap base and to place the Java Heap above 4GB virtual address.
# This output file may be truncated or incomplete.
#
#  Out of Memory Error (os_windows.cpp:3828), pid=15264, tid=16784
#
# JRE version:  (21.0.5+8) (build )
# Java VM: OpenJDK 64-Bit Server VM (21.0.5+8-b631.30, mixed mode, sharing, tiered, compressed oops, compressed class ptrs, g1 gc, windows-amd64)
# No core dump will be written. Minidumps are not enabled by default on client versions of Windows
#

---------------  S U M M A R Y ------------

Command Line: git4idea.http.GitAskPassApp Username for 'https://github.com': 

Host: 12th Gen Intel(R) Core(TM) i5-1240P, 16 cores, 7G,  Windows 11 , 64 bit Build 26100 (10.0.26100.3624)
Time: Thu Apr  3 15:13:57 2025 India Standard Time elapsed time: 0.025927 seconds (0d 0h 0m 0s)

---------------  T H R E A D  ---------------

Current thread (0x000001e41ebacbc0):  JavaThread "Unknown thread" [_thread_in_vm, id=16784, stack(0x0000002622900000,0x0000002622a00000) (1024K)]

Stack: [0x0000002622900000,0x0000002622a00000]
Native frames: (J=compiled Java code, j=interpreted, Vv=VM code, C=native code)
V  [jvm.dll+0x6e52b9]
V  [jvm.dll+0x8c3633]
V  [jvm.dll+0x8c5b8e]
V  [jvm.dll+0x8c6273]
V  [jvm.dll+0x288f46]
V  [jvm.dll+0x6e1a35]
V  [jvm.dll+0x6d5e3a]
V  [jvm.dll+0x3634bb]
V  [jvm.dll+0x36b086]
V  [jvm.dll+0x3bd346]
V  [jvm.dll+0x3bd618]
V  [jvm.dll+0x335c2c]
V  [jvm.dll+0x33691b]
V  [jvm.dll+0x88aa89]
V  [jvm.dll+0x3ca518]
V  [jvm.dll+0x873b98]
V  [jvm.dll+0x45eede]
V  [jvm.dll+0x460bc1]
C  [jli.dll+0x52ab]
C  [ucrtbase.dll+0x37b0]
C  [KERNEL32.DLL+0x2e8d7]
C  [ntdll.dll+0xb14fc]


---------------  P R O C E S S  ---------------

Threads class SMR info:
_java_thread_list=0x00007ff88355a148, length=0, elements={
}

Java Threads: ( => current thread )
Total: 0

Other Threads:
  0x000001e4207639f0 WorkerThread "GC Thread#0"                     [id=9144, stack(0x0000002622a00000,0x0000002622b00000) (1024K)]
  0x000001e420774330 ConcurrentGCThread "G1 Main Marker"            [id=19724, stack(0x0000002622b00000,0x0000002622c00000) (1024K)]
  0x000001e420778130 WorkerThread "G1 Conc#0"                       [id=6280, stack(0x0000002622c00000,0x0000002622d00000) (1024K)]

[error occurred during error reporting (printing all threads), id 0xc0000005, EXCEPTION_ACCESS_VIOLATION (0xc0000005) at pc=0x00007ff882c48ce7]
VM state: not at safepoint (not fully initialized)

VM Mutex/Monitor currently owned by a thread:  ([mutex/lock_event])
[0x00007ff8835ceb30] Heap_lock - owner thread: 0x000001e41ebacbc0

Heap address: 0x0000000084800000, size: 1976 MB, Compressed Oops mode: 32-bit

CDS archive(s) mapped at: [0x0000000000000000-0x0000000000000000-0x0000000000000000), size 0, SharedBaseAddress: 0x0000000800000000, ArchiveRelocationMode: 1.
Narrow klass base: 0x0000000000000000, Narrow klass shift: 0, Narrow klass range: 0x0

GC Precious Log:
 CardTable entry size: 512
 Card Set container configuration: InlinePtr #cards 5 size 8 Array Of Cards #cards 12 size 40 Howl #buckets 4 coarsen threshold 1843 Howl Bitmap #cards 512 size 80 coarsen threshold 460 Card regions per heap region 1 cards per card region 2048

Heap:
 garbage-first heap   total 0K, used 0K [0x0000000084800000, 0x0000000100000000)
  region size 1024K, 0 young (0K), 0 survivors (0K)
 Metaspace       used 0K, committed 0K, reserved 0K
  class space    used 0K, committed 0K, reserved 0K

Heap Regions: E=young(eden), S=young(survivor), O=old, HS=humongous(starts), HC=humongous(continues), CS=collection set, F=free, TAMS=top-at-mark-start, PB=parsable bottom

Card table byte_map: [0x000001e434a70000,0x000001e434e50000] _byte_map_base: 0x000001e43464c000

Marking Bits: (CMBitMap*) 0x000001e420764000
 Bits: [0x000001e434e50000, 0x000001e436d30000)

GC Heap History (0 events):
No events

Dll operation events (1 events):
Event: 0.016 Loaded shared library C:\Program Files\JetBrains\IntelliJ IDEA Community Edition 2024.3.2\jbr\bin\java.dll

Deoptimization events (0 events):
No events

Classes loaded (0 events):
No events

Classes unloaded (0 events):
No events

Classes redefined (0 events):
No events

Internal exceptions (0 events):
No events

ZGC Phase Switch (0 events):
No events

VM Operations (0 events):
No events

Memory protections (0 events):
No events

Nmethod flushes (0 events):
No events

Events (0 events):
No events


Dynamic libraries:
0x00007ff615870000 - 0x00007ff61587a000 	C:\Program Files\JetBrains\IntelliJ IDEA Community Edition 2024.3.2\jbr\bin\java.exe
0x00007ff8d2320000 - 0x00007ff8d2580000 	C:\WINDOWS\SYSTEM32\ntdll.dll
0x00007ff8d0c00000 - 0x00007ff8d0cc7000 	C:\WINDOWS\System32\KERNEL32.DLL
0x00007ff8cf870000 - 0x00007ff8cfc3b000 	C:\WINDOWS\System32\KERNELBASE.dll
0x000000005edb0000 - 0x000000005f0e0000 	C:\Program Files\Norton Security\NortonData\22.21.5.49\Definitions\IPSDefs\20221219.061\IPSEng64.dll
0x00007ff8d0120000 - 0x00007ff8d01d3000 	C:\WINDOWS\System32\ADVAPI32.dll
0x00007ff8d2140000 - 0x00007ff8d21e9000 	C:\WINDOWS\System32\msvcrt.dll
0x00007ff8d0710000 - 0x00007ff8d07b6000 	C:\WINDOWS\System32\sechost.dll
0x00007ff8d01e0000 - 0x00007ff8d02f6000 	C:\WINDOWS\System32\RPCRT4.dll
0x00007ff8d1cb0000 - 0x00007ff8d1cb8000 	C:\WINDOWS\System32\PSAPI.DLL
0x00007ff8cfce0000 - 0x00007ff8cfe2b000 	C:\WINDOWS\System32\ucrtbase.dll
0x00007ff8bb390000 - 0x00007ff8bb3ab000 	C:\Program Files\JetBrains\IntelliJ IDEA Community Edition 2024.3.2\jbr\bin\VCRUNTIME140.dll
0x00007ff8b2910000 - 0x00007ff8b2928000 	C:\Program Files\JetBrains\IntelliJ IDEA Community Edition 2024.3.2\jbr\bin\jli.dll
0x00007ff8d0340000 - 0x00007ff8d050c000 	C:\WINDOWS\System32\USER32.dll
0x00007ff8cfec0000 - 0x00007ff8cfee7000 	C:\WINDOWS\System32\win32u.dll
0x00007ff8b0ae0000 - 0x00007ff8b0d77000 	C:\WINDOWS\WinSxS\amd64_microsoft.windows.common-controls_6595b64144ccf1df_6.0.26100.3624_none_3e086962e3345f24\COMCTL32.dll
0x00007ff8d17a0000 - 0x00007ff8d17ca000 	C:\WINDOWS\System32\GDI32.dll
0x00007ff8cf670000 - 0x00007ff8cf7a1000 	C:\WINDOWS\System32\gdi32full.dll
0x00007ff8cfef0000 - 0x00007ff8cff93000 	C:\WINDOWS\System32\msvcp_win.dll
0x00007ff8d0300000 - 0x00007ff8d032f000 	C:\WINDOWS\System32\IMM32.DLL
0x00007ff8bb380000 - 0x00007ff8bb38c000 	C:\Program Files\JetBrains\IntelliJ IDEA Community Edition 2024.3.2\jbr\bin\vcruntime140_1.dll
0x00007ff8aa1d0000 - 0x00007ff8aa25d000 	C:\Program Files\JetBrains\IntelliJ IDEA Community Edition 2024.3.2\jbr\bin\msvcp140.dll
0x00007ff882900000 - 0x00007ff8836c1000 	C:\Program Files\JetBrains\IntelliJ IDEA Community Edition 2024.3.2\jbr\bin\server\jvm.dll
0x00007ff8d07c0000 - 0x00007ff8d0834000 	C:\WINDOWS\System32\WS2_32.dll
0x00007ff8ce170000 - 0x00007ff8ce1ce000 	C:\WINDOWS\SYSTEM32\POWRPROF.dll
0x00007ff8b7950000 - 0x00007ff8b7986000 	C:\WINDOWS\SYSTEM32\WINMM.dll
0x00007ff8bc050000 - 0x00007ff8bc05b000 	C:\WINDOWS\SYSTEM32\VERSION.dll
0x00007ff8ce150000 - 0x00007ff8ce164000 	C:\WINDOWS\SYSTEM32\UMPDC.dll
0x00007ff8ce430000 - 0x00007ff8ce44a000 	C:\WINDOWS\SYSTEM32\kernel.appcore.dll
0x00007ff8b1a40000 - 0x00007ff8b1a4a000 	C:\Program Files\JetBrains\IntelliJ IDEA Community Edition 2024.3.2\jbr\bin\jimage.dll
0x00007ff8ccbe0000 - 0x00007ff8cce21000 	C:\WINDOWS\SYSTEM32\DBGHELP.DLL
0x00007ff8d0870000 - 0x00007ff8d0bf3000 	C:\WINDOWS\System32\combase.dll
0x00007ff8d15c0000 - 0x00007ff8d1696000 	C:\WINDOWS\System32\OLEAUT32.dll
0x00007ff8af000000 - 0x00007ff8af039000 	C:\WINDOWS\SYSTEM32\dbgcore.DLL
0x00007ff8cfc40000 - 0x00007ff8cfcd9000 	C:\WINDOWS\System32\bcryptPrimitives.dll
0x00007ff8aa730000 - 0x00007ff8aa750000 	C:\Program Files\JetBrains\IntelliJ IDEA Community Edition 2024.3.2\jbr\bin\java.dll

dbghelp: loaded successfully - version: 4.0.5 - missing functions: none
symbol engine: initialized successfully - sym options: 0x614 - pdb path: .;C:\Program Files\JetBrains\IntelliJ IDEA Community Edition 2024.3.2\jbr\bin;C:\WINDOWS\SYSTEM32;C:\Program Files\Norton Security\NortonData\22.21.5.49\Definitions\IPSDefs\20221219.061;C:\WINDOWS\WinSxS\amd64_microsoft.windows.common-controls_6595b64144ccf1df_6.0.26100.3624_none_3e086962e3345f24;C:\Program Files\JetBrains\IntelliJ IDEA Community Edition 2024.3.2\jbr\bin\server

VM Arguments:
java_command: git4idea.http.GitAskPassApp Username for 'https://github.com': 
java_class_path (initial): C:/Program Files/JetBrains/IntelliJ IDEA Community Edition 2024.3.2/plugins/vcs-git/lib/git4idea-rt.jar;C:/Program Files/JetBrains/IntelliJ IDEA Community Edition 2024.3.2/lib/externalProcess-rt.jar
Launcher Type: SUN_STANDARD

[Global flags]
     intx CICompilerCount                          = 12                                        {product} {ergonomic}
     uint ConcGCThreads                            = 3                                         {product} {ergonomic}
     uint G1ConcRefinementThreads                  = 13                                        {product} {ergonomic}
   size_t G1HeapRegionSize                         = 1048576                                   {product} {ergonomic}
    uintx GCDrainStackTargetSize                   = 64                                        {product} {ergonomic}
   size_t InitialHeapSize                          = 130023424                                 {product} {ergonomic}
   size_t MarkStackSize                            = 4194304                                   {product} {ergonomic}
   size_t MaxHeapSize                              = 2071986176                                {product} {ergonomic}
   size_t MinHeapDeltaBytes                        = 1048576                                   {product} {ergonomic}
   size_t MinHeapSize                              = 8388608                                   {product} {ergonomic}
    uintx NonNMethodCodeHeapSize                   = 7602480                                {pd product} {ergonomic}
    uintx NonProfiledCodeHeapSize                  = 122027880                              {pd product} {ergonomic}
    uintx ProfiledCodeHeapSize                     = 122027880                              {pd product} {ergonomic}
    uintx ReservedCodeCacheSize                    = 251658240                              {pd product} {ergonomic}
     bool SegmentedCodeCache                       = true                                      {product} {ergonomic}
   size_t SoftMaxHeapSize                          = 2071986176                             {manageable} {ergonomic}
     bool UseCompressedOops                        = true                           {product lp64_product} {ergonomic}
     bool UseG1GC                                  = true                                      {product} {ergonomic}
     bool UseLargePagesIndividualAllocation        = false                                  {pd product} {ergonomic}

Logging:
Log output configuration:
 #0: stdout all=warning uptime,level,tags foldmultilines=false
 #1: stderr all=off uptime,level,tags foldmultilines=false

Environment Variables:
JAVA_HOME=C:\Program Files\Java\jdk-23
CLASSPATH=C:\Program Files\Java\jdk-23\lib;.;
PATH=C:\Program Files\Git\mingw64\libexec\git-core;C:\Program Files\Git\mingw64\libexec\git-core;C:\Program Files\Git\mingw64\bin;C:\Program Files\Git\usr\bin;C:\Users\sujay\bin;C:\Program Files\Java\jdk-23\bin;C:\Program Files\NVIDIA GPU Computing Toolkit\CUDA\v12.5\libnvvp;C:\Windows\system32;C:\Windows;C:\Windows\System32\Wbem;C:\Windows\System32\WindowsPowerShell\v1.0;C:\Windows\System32\OpenSSH;C:\Program Files (x86)\NVIDIA Corporation\PhysX\Common;C:\WINDOWS\system32;C:\WINDOWS;C:\WINDOWS\System32\Wbem;C:\WINDOWS\System32\WindowsPowerShell\v1.0;C:\WINDOWS\System32\OpenSSH;C:\Program Files (x86)\PowerShell\7;C:\Program Files\NVIDIA Corporation\Nsight Compute 2024.2.0;C:\Program Files\NVIDIA GPU Computing Toolkit\CUDA\v12.5\extras\CUPTI\lib64;C:\Program Files\NVIDIA GPU Computing Toolkit\CUDA\v12.5\extras\CUPTI\include;C:\Users\sujay\Downloads\cudnn-windows-x86_64-8.9.7.29_cuda12-archive\cudnn-windows-x86_64-8.9.7.29_cuda12-archive\bin;C:\Users\sujay\Downloads\cudnn-windows-x86_64-8.9.7.29_cuda12-archive\cudnn-windows-x86_64-8.9.7.29_cuda12-archive\include;C:\Program Files\nodejs;C:\ProgramData\chocolatey\bin;C:\Program Files\Git\cmd;C:\Program Files\MongoDB\mongosh-2.3.2-win32-x64\bin;C:\Program Files\NVIDIA Corporation\NVIDIA app\NvDLISR;C:\Program Files\Redis;C:\Program Files\Amazon\AWSCLIV2;C:\Program Files\apache-maven-3.9.9\bin;C:\Program Files\Docker\Docker\resources\bin;C:\Users\sujay\AppData\Local\Programs\Python\Python36\Scripts;C:\Users\sujay\AppData\Local\Programs\Python\Python36;C:\Users\sujay\.local\bin;C:\Users\sujay\.console-ninja\.bin;C:\Users\sujay\AppData\Local\Microsoft\WindowsApps;C:\Users\sujay\PyCharm Community Edition 2022.2.3\bin;C:\Users\sujay\AppData\Local\Programs\Microsoft VS Code\bin;C:\Users\sujay\AppData\Roaming\npm;C:\Users\sujay\AppData\Local\Microsoft\WindowsApps;C:\Program Files\JetBrains\IntelliJ IDEA Community Edition 2024.3.2\bin;C:\Users\sujay\.local\bin;C:\Program Files\Java\jdk-23\bin;C:\Program Files\NVIDIA GPU Computing Toolkit\CUDA\v12.5\libnvvp;C:\Windows\system32;C:\Windows;C:\Windows\System32\Wbem;C:\Windows\System32\WindowsPowerShell\v1.0;C:\Windows\System32\OpenSSH;C:\Program Files (x86)\NVIDIA Corporation\PhysX\Common;C:\WINDOWS\system32;C:\WINDOWS;C:\WINDOWS\System32\Wbem;C:\WINDOWS\System32\WindowsPowerShell\v1.0;C:\WINDOWS\System32\OpenSSH;C:\Program Files (x86)\PowerShell\7;C:\Program Files\NVIDIA Corporation\Nsight Compute 2024.2.0;C:\Program Files\NVIDIA GPU Computing Toolkit\CUDA\v12.5\extras\CUPTI\lib64;C:\Program Files\NVIDIA GPU Computing Toolkit\CUDA\v12.5\extras\CUPTI\include;C:\Users\sujay\Downloads\cudnn-windows-x86_64-8.9.7.29_cuda12-archive\cudnn-windows-x86_64-8.9.7.29_cuda12-archive\bin;C:\Users\sujay\Downloads\cudnn-windows-x86_64-8.9.7.29_cuda12-archive\cudnn-windows-x86_64-8.9.7.29_cuda12-archive\include;C:\Program Files\nodejs;C:\ProgramData\chocolatey\bin;C:\Program Files\Git\cmd;C:\Program Files\MongoDB\mongosh-2.3.2-win32-x64\bin;C:\Program Files\NVIDIA Corporation\NVIDIA app\NvDLISR;C:\Program Files\Redis;C:\Program Files\Amazon\AWSCLIV2;C:\Program Files\apache-maven-3.9.9\bin;C:\Program Files\Docker\Docker\resources\bin;C:\Users\sujay\AppData\Local\Programs\Python\Python36\Scripts;C:\Users\sujay\AppData\Local\Programs\Python\Python36;C:\Users\sujay\.local\bin;C:\Users\sujay\.console-ninja\.bin;C:\Users\sujay\AppData\Local\Microsoft\WindowsApps;C:\Users\sujay\PyCharm Community Edition 2022.2.3\bin;C:\Users\sujay\AppData\Local\Programs\Microsoft VS Code\bin;C:\Users\sujay\AppData\Roaming\npm;C:\Users\sujay\AppData\Local\Microsoft\WindowsApps;C:\Program Files\JetBrains\IntelliJ IDEA Community Edition 2024.3.2\bin;C:\Users\sujay\.local\bin;C:\Users\sujay\AppData\Local\Packages\PythonSoftwareFoundation.Python.3.13_qbz5n2kfra8p0\LocalCache\local-packages\Python313\Scripts
USERNAME=sujay
DISPLAY=:0.0
LC_ALL=en_US.UTF-8
TERM=xterm-256color
TMPDIR=C:\Users\sujay\AppData\Local\Temp
OS=Windows_NT
PROCESSOR_IDENTIFIER=Intel64 Family 6 Model 154 Stepping 3, GenuineIntel
TMP=C:\Users\sujay\AppData\Local\Temp
TEMP=C:\Users\sujay\AppData\Local\Temp




Periodic native trim disabled

JNI global refs:
JNI global refs: 0, weak refs: 0

JNI global refs memory usage: 0, weak refs: 0

Process memory usage:
Resident Set Size: 14088K (0% of 8086008K total physical memory with 1070812K free physical memory)

OOME stack traces (most recent first):
Classloader memory used:

---------------  S Y S T E M  ---------------

OS:
 Windows 11 , 64 bit Build 26100 (10.0.26100.3624)
OS uptime: 0 days 1:15 hours
Hyper-V role detected

CPU: total 16 (initial active 16) (8 cores per cpu, 2 threads per core) family 6 model 154 stepping 3 microcode 0x419, cx8, cmov, fxsr, ht, mmx, 3dnowpref, sse, sse2, sse3, ssse3, sse4.1, sse4.2, popcnt, lzcnt, tsc, tscinvbit, avx, avx2, aes, erms, clmul, bmi1, bmi2, adx, sha, fma, vzeroupper, clflush, clflushopt, clwb, hv, serialize, rdtscp, rdpid, fsrm, f16c, cet_ibt, cet_ss
Processor Information for processor 0
  Max Mhz: 1700, Current Mhz: 1700, Mhz Limit: 1700
Processor Information for processor 1
  Max Mhz: 1700, Current Mhz: 1700, Mhz Limit: 1700
Processor Information for processor 2
  Max Mhz: 1700, Current Mhz: 1700, Mhz Limit: 1700
Processor Information for processor 3
  Max Mhz: 1700, Current Mhz: 1700, Mhz Limit: 1700
Processor Information for processor 4
  Max Mhz: 1700, Current Mhz: 1700, Mhz Limit: 1700
Processor Information for processor 5
  Max Mhz: 1700, Current Mhz: 1700, Mhz Limit: 1700
Processor Information for processor 6
  Max Mhz: 1700, Current Mhz: 1700, Mhz Limit: 1700
Processor Information for processor 7
  Max Mhz: 1700, Current Mhz: 1700, Mhz Limit: 1700
Processor Information for processor 8
  Max Mhz: 1700, Current Mhz: 1200, Mhz Limit: 1190
Processor Information for processor 9
  Max Mhz: 1700, Current Mhz: 1200, Mhz Limit: 1190
Processor Information for processor 10
  Max Mhz: 1700, Current Mhz: 1200, Mhz Limit: 1190
Processor Information for processor 11
  Max Mhz: 1700, Current Mhz: 1200, Mhz Limit: 1190
Processor Information for processor 12
  Max Mhz: 1700, Current Mhz: 1200, Mhz Limit: 1190
Processor Information for processor 13
  Max Mhz: 1700, Current Mhz: 1200, Mhz Limit: 1190
Processor Information for processor 14
  Max Mhz: 1700, Current Mhz: 1200, Mhz Limit: 1190
Processor Information for processor 15
  Max Mhz: 1700, Current Mhz: 1200, Mhz Limit: 1190

Memory: 4k page, system-wide physical 7896M (1045M free)
TotalPageFile size 14963M (AvailPageFile size 105M)
current process WorkingSet (physical memory assigned to process): 13M, peak: 13M
current process commit charge ("private bytes"): 71M, peak: 195M

vm_info: OpenJDK 64-Bit Server VM (21.0.5+8-b631.30) for windows-amd64 JRE (21.0.5+8-b631.30), built on 2024-12-06 by "builduser" with MS VC++ 16.10 / 16.11 (VS2019)

END.
